<?xml version="1.0" encoding="UTF-8"?>
<testsuite name="co.edu.unisabana.Jenkins.controller.BookControllerTest" tests="2" skipped="0" failures="0" errors="0" timestamp="2022-10-21T23:30:20" hostname="LAPTOP-R9DSJGVI" time="1.084">
  <properties/>
  <testcase name="Given_BasicTest_When_callData_Then_succesful()" classname="co.edu.unisabana.Jenkins.controller.BookControllerTest" time="1.066"/>
  <testcase name="Given_NewInformation_callData_Then_succcessful()" classname="co.edu.unisabana.Jenkins.controller.BookControllerTest" time="0.016"/>
  <system-out><![CDATA[18:30:15.832 [Test worker] DEBUG org.springframework.test.context.BootstrapUtils - Instantiating CacheAwareContextLoaderDelegate from class [org.springframework.test.context.cache.DefaultCacheAwareContextLoaderDelegate]
18:30:15.856 [Test worker] DEBUG org.springframework.test.context.BootstrapUtils - Instantiating BootstrapContext using constructor [public org.springframework.test.context.support.DefaultBootstrapContext(java.lang.Class,org.springframework.test.context.CacheAwareContextLoaderDelegate)]
18:30:15.906 [Test worker] DEBUG org.springframework.test.context.BootstrapUtils - Instantiating TestContextBootstrapper for test class [co.edu.unisabana.Jenkins.controller.BookControllerTest] from class [org.springframework.boot.test.context.SpringBootTestContextBootstrapper]
18:30:15.927 [Test worker] INFO org.springframework.boot.test.context.SpringBootTestContextBootstrapper - Neither @ContextConfiguration nor @ContextHierarchy found for test class [co.edu.unisabana.Jenkins.controller.BookControllerTest], using SpringBootContextLoader
18:30:15.934 [Test worker] DEBUG org.springframework.test.context.support.AbstractContextLoader - Did not detect default resource location for test class [co.edu.unisabana.Jenkins.controller.BookControllerTest]: class path resource [co/edu/unisabana/Jenkins/controller/BookControllerTest-context.xml] does not exist
18:30:15.935 [Test worker] DEBUG org.springframework.test.context.support.AbstractContextLoader - Did not detect default resource location for test class [co.edu.unisabana.Jenkins.controller.BookControllerTest]: class path resource [co/edu/unisabana/Jenkins/controller/BookControllerTestContext.groovy] does not exist
18:30:15.935 [Test worker] INFO org.springframework.test.context.support.AbstractContextLoader - Could not detect default resource locations for test class [co.edu.unisabana.Jenkins.controller.BookControllerTest]: no resource found for suffixes {-context.xml, Context.groovy}.
18:30:15.937 [Test worker] INFO org.springframework.test.context.support.AnnotationConfigContextLoaderUtils - Could not detect default configuration classes for test class [co.edu.unisabana.Jenkins.controller.BookControllerTest]: BookControllerTest does not declare any static, non-private, non-final, nested classes annotated with @Configuration.
18:30:16.028 [Test worker] DEBUG org.springframework.test.context.support.ActiveProfilesUtils - Could not find an 'annotation declaring class' for annotation type [org.springframework.test.context.ActiveProfiles] and class [co.edu.unisabana.Jenkins.controller.BookControllerTest]
18:30:16.204 [Test worker] DEBUG org.springframework.context.annotation.ClassPathScanningCandidateComponentProvider - Identified candidate component class: file [C:\Users\julia\OneDrive - Universidad de la Sabana\Desktop\proyecto_intellj\Jenkins\build\classes\java\main\co\edu\unisabana\Jenkins\JenkinsApplication.class]
18:30:16.206 [Test worker] INFO org.springframework.boot.test.context.SpringBootTestContextBootstrapper - Found @SpringBootConfiguration co.edu.unisabana.Jenkins.JenkinsApplication for test class co.edu.unisabana.Jenkins.controller.BookControllerTest
18:30:16.450 [Test worker] DEBUG org.springframework.boot.test.context.SpringBootTestContextBootstrapper - @TestExecutionListeners is not present for class [co.edu.unisabana.Jenkins.controller.BookControllerTest]: using defaults.
18:30:16.451 [Test worker] INFO org.springframework.boot.test.context.SpringBootTestContextBootstrapper - Loaded default TestExecutionListener class names from location [META-INF/spring.factories]: [org.springframework.boot.test.autoconfigure.restdocs.RestDocsTestExecutionListener, org.springframework.boot.test.autoconfigure.web.client.MockRestServiceServerResetTestExecutionListener, org.springframework.boot.test.autoconfigure.web.servlet.MockMvcPrintOnlyOnFailureTestExecutionListener, org.springframework.boot.test.autoconfigure.web.servlet.WebDriverTestExecutionListener, org.springframework.boot.test.autoconfigure.webservices.client.MockWebServiceServerTestExecutionListener, org.springframework.boot.test.mock.mockito.MockitoTestExecutionListener, org.springframework.boot.test.mock.mockito.ResetMocksTestExecutionListener, org.springframework.test.context.web.ServletTestExecutionListener, org.springframework.test.context.support.DirtiesContextBeforeModesTestExecutionListener, org.springframework.test.context.event.ApplicationEventsTestExecutionListener, org.springframework.test.context.support.DependencyInjectionTestExecutionListener, org.springframework.test.context.support.DirtiesContextTestExecutionListener, org.springframework.test.context.transaction.TransactionalTestExecutionListener, org.springframework.test.context.jdbc.SqlScriptsTestExecutionListener, org.springframework.test.context.event.EventPublishingTestExecutionListener]
18:30:16.491 [Test worker] DEBUG org.springframework.boot.test.context.SpringBootTestContextBootstrapper - Skipping candidate TestExecutionListener [org.springframework.test.context.transaction.TransactionalTestExecutionListener] due to a missing dependency. Specify custom listener classes or make the default listener classes and their required dependencies available. Offending class: [org/springframework/transaction/interceptor/TransactionAttributeSource]
18:30:16.491 [Test worker] DEBUG org.springframework.boot.test.context.SpringBootTestContextBootstrapper - Skipping candidate TestExecutionListener [org.springframework.test.context.jdbc.SqlScriptsTestExecutionListener] due to a missing dependency. Specify custom listener classes or make the default listener classes and their required dependencies available. Offending class: [org/springframework/transaction/interceptor/TransactionAttribute]
18:30:16.492 [Test worker] INFO org.springframework.boot.test.context.SpringBootTestContextBootstrapper - Using TestExecutionListeners: [org.springframework.test.context.web.ServletTestExecutionListener@7fcbe147, org.springframework.test.context.support.DirtiesContextBeforeModesTestExecutionListener@235f4c10, org.springframework.test.context.event.ApplicationEventsTestExecutionListener@743cb8e0, org.springframework.boot.test.mock.mockito.MockitoTestExecutionListener@c7a975a, org.springframework.boot.test.autoconfigure.SpringBootDependencyInjectionTestExecutionListener@2c1b9e4b, org.springframework.test.context.support.DirtiesContextTestExecutionListener@757d6814, org.springframework.test.context.event.EventPublishingTestExecutionListener@649725e3, org.springframework.boot.test.autoconfigure.restdocs.RestDocsTestExecutionListener@3c0fae6c, org.springframework.boot.test.autoconfigure.web.client.MockRestServiceServerResetTestExecutionListener@4c168660, org.springframework.boot.test.autoconfigure.web.servlet.MockMvcPrintOnlyOnFailureTestExecutionListener@52b56a3e, org.springframework.boot.test.autoconfigure.web.servlet.WebDriverTestExecutionListener@fd0e5b6, org.springframework.boot.test.autoconfigure.webservices.client.MockWebServiceServerTestExecutionListener@4eed46ee, org.springframework.boot.test.mock.mockito.ResetMocksTestExecutionListener@36b0fcd5]
18:30:16.497 [Test worker] DEBUG org.springframework.test.context.support.AbstractDirtiesContextTestExecutionListener - Before test class: context [DefaultTestContext@751d3241 testClass = BookControllerTest, testInstance = [null], testMethod = [null], testException = [null], mergedContextConfiguration = [WebMergedContextConfiguration@76c7beb3 testClass = BookControllerTest, locations = '{}', classes = '{class co.edu.unisabana.Jenkins.JenkinsApplication}', contextInitializerClasses = '[]', activeProfiles = '{}', propertySourceLocations = '{}', propertySourceProperties = '{org.springframework.boot.test.context.SpringBootTestContextBootstrapper=true, server.port=0}', contextCustomizers = set[org.springframework.boot.test.autoconfigure.actuate.metrics.MetricsExportContextCustomizerFactory$DisableMetricExportContextCustomizer@5dcb4f5f, org.springframework.boot.test.autoconfigure.properties.PropertyMappingContextCustomizer@0, org.springframework.boot.test.autoconfigure.web.servlet.WebDriverContextCustomizerFactory$Customizer@5a18cd76, org.springframework.boot.test.context.filter.ExcludeFilterContextCustomizer@6995bf68, org.springframework.boot.test.json.DuplicateJsonObjectContextCustomizerFactory$DuplicateJsonObjectContextCustomizer@3e7dd664, org.springframework.boot.test.mock.mockito.MockitoContextCustomizer@0, org.springframework.boot.test.web.client.TestRestTemplateContextCustomizer@5d12a356, org.springframework.boot.test.context.SpringBootTestArgs@1, org.springframework.boot.test.context.SpringBootTestWebEnvironment@7a419da4], resourceBasePath = 'src/main/webapp', contextLoader = 'org.springframework.boot.test.context.SpringBootContextLoader', parent = [null]], attributes = map['org.springframework.test.context.web.ServletTestExecutionListener.activateListener' -> false]], class annotated with @DirtiesContext [false] with mode [null].
18:30:16.519 [Test worker] DEBUG org.springframework.test.context.support.DependencyInjectionTestExecutionListener - Performing dependency injection for test context [[DefaultTestContext@751d3241 testClass = BookControllerTest, testInstance = co.edu.unisabana.Jenkins.controller.BookControllerTest@5f2606b, testMethod = [null], testException = [null], mergedContextConfiguration = [WebMergedContextConfiguration@76c7beb3 testClass = BookControllerTest, locations = '{}', classes = '{class co.edu.unisabana.Jenkins.JenkinsApplication}', contextInitializerClasses = '[]', activeProfiles = '{}', propertySourceLocations = '{}', propertySourceProperties = '{org.springframework.boot.test.context.SpringBootTestContextBootstrapper=true, server.port=0}', contextCustomizers = set[org.springframework.boot.test.autoconfigure.actuate.metrics.MetricsExportContextCustomizerFactory$DisableMetricExportContextCustomizer@5dcb4f5f, org.springframework.boot.test.autoconfigure.properties.PropertyMappingContextCustomizer@0, org.springframework.boot.test.autoconfigure.web.servlet.WebDriverContextCustomizerFactory$Customizer@5a18cd76, org.springframework.boot.test.context.filter.ExcludeFilterContextCustomizer@6995bf68, org.springframework.boot.test.json.DuplicateJsonObjectContextCustomizerFactory$DuplicateJsonObjectContextCustomizer@3e7dd664, org.springframework.boot.test.mock.mockito.MockitoContextCustomizer@0, org.springframework.boot.test.web.client.TestRestTemplateContextCustomizer@5d12a356, org.springframework.boot.test.context.SpringBootTestArgs@1, org.springframework.boot.test.context.SpringBootTestWebEnvironment@7a419da4], resourceBasePath = 'src/main/webapp', contextLoader = 'org.springframework.boot.test.context.SpringBootContextLoader', parent = [null]], attributes = map['org.springframework.test.context.web.ServletTestExecutionListener.activateListener' -> false, 'org.springframework.test.context.event.ApplicationEventsTestExecutionListener.recordApplicationEvents' -> false]]].

  .   ____          _            __ _ _
 /\\ / ___'_ __ _ _(_)_ __  __ _ \ \ \ \
( ( )\___ | '_ | '_| | '_ \/ _` | \ \ \ \
 \\/  ___)| |_)| | | | | || (_| |  ) ) ) )
  '  |____| .__|_| |_|_| |_\__, | / / / /
 =========|_|==============|___/=/_/_/_/
 :: Spring Boot ::                (v2.7.5)

2022-10-21 18:30:17.219  INFO 3920 --- [    Test worker] c.e.u.J.controller.BookControllerTest    : Starting BookControllerTest using Java 17.0.4 on LAPTOP-R9DSJGVI with PID 3920 (started by julia in C:\Users\julia\OneDrive - Universidad de la Sabana\Desktop\proyecto_intellj\Jenkins)
2022-10-21 18:30:17.221  INFO 3920 --- [    Test worker] c.e.u.J.controller.BookControllerTest    : No active profile set, falling back to 1 default profile: "default"
2022-10-21 18:30:18.929  INFO 3920 --- [    Test worker] o.s.b.w.embedded.tomcat.TomcatWebServer  : Tomcat initialized with port(s): 0 (http)
2022-10-21 18:30:18.949  INFO 3920 --- [    Test worker] o.apache.catalina.core.StandardService   : Starting service [Tomcat]
2022-10-21 18:30:18.950  INFO 3920 --- [    Test worker] org.apache.catalina.core.StandardEngine  : Starting Servlet engine: [Apache Tomcat/9.0.68]
2022-10-21 18:30:19.111  INFO 3920 --- [    Test worker] o.a.c.c.C.[Tomcat].[localhost].[/]       : Initializing Spring embedded WebApplicationContext
2022-10-21 18:30:19.111  INFO 3920 --- [    Test worker] w.s.c.ServletWebServerApplicationContext : Root WebApplicationContext: initialization completed in 1845 ms
2022-10-21 18:30:20.078  INFO 3920 --- [    Test worker] o.s.b.w.embedded.tomcat.TomcatWebServer  : Tomcat started on port(s): 64449 (http) with context path ''
2022-10-21 18:30:20.090  INFO 3920 --- [    Test worker] c.e.u.J.controller.BookControllerTest    : Started BookControllerTest in 3.521 seconds (JVM running for 6.643)
2022-10-21 18:30:21.066  INFO 3920 --- [o-auto-1-exec-1] o.a.c.c.C.[Tomcat].[localhost].[/]       : Initializing Spring DispatcherServlet 'dispatcherServlet'
2022-10-21 18:30:21.066  INFO 3920 --- [o-auto-1-exec-1] o.s.web.servlet.DispatcherServlet        : Initializing Servlet 'dispatcherServlet'
2022-10-21 18:30:21.067  INFO 3920 --- [o-auto-1-exec-1] o.s.web.servlet.DispatcherServlet        : Completed initialization in 1 ms
]]></system-out>
  <system-err><![CDATA[]]></system-err>
</testsuite>
